\BOOKMARK [1][-]{section.1}{Introduction}{}
\BOOKMARK [1][-]{section.2}{Lexical Elements}{}
\BOOKMARK [2][-]{subsection.2.1}{Comments and White Spaces}{section.2}
\BOOKMARK [2][-]{subsection.2.2}{Keywords}{section.2}
\BOOKMARK [2][-]{subsection.2.3}{Operators and Delimiters}{section.2}
\BOOKMARK [2][-]{subsection.2.4}{Indentifiers}{section.2}
\BOOKMARK [2][-]{subsection.2.5}{Literals}{section.2}
\BOOKMARK [1][-]{section.3}{Data Types}{}
\BOOKMARK [2][-]{subsection.3.1}{Primitive Types}{section.3}
\BOOKMARK [2][-]{subsection.3.2}{Arrays}{section.3}
\BOOKMARK [1][-]{section.4}{Declarations and Scope}{}
\BOOKMARK [2][-]{subsection.4.1}{Global Variables}{section.4}
\BOOKMARK [2][-]{subsection.4.2}{Function Declaration}{section.4}
\BOOKMARK [2][-]{subsection.4.3}{Local Variables}{section.4}
\BOOKMARK [1][-]{section.5}{Function Definition and Main Function}{}
\BOOKMARK [2][-]{subsection.5.1}{main\(\)}{section.5}
\BOOKMARK [1][-]{section.6}{Expressions}{}
\BOOKMARK [2][-]{subsection.6.1}{Arithmetic Expressions}{section.6}
\BOOKMARK [2][-]{subsection.6.2}{Logical Expressions}{section.6}
\BOOKMARK [2][-]{subsection.6.3}{Function Call}{section.6}
\BOOKMARK [1][-]{section.7}{Statements}{}
\BOOKMARK [2][-]{subsection.7.1}{Assignment Statement}{section.7}
\BOOKMARK [2][-]{subsection.7.2}{If Statement}{section.7}
\BOOKMARK [2][-]{subsection.7.3}{While Statement}{section.7}
\BOOKMARK [2][-]{subsection.7.4}{Break statement}{section.7}
\BOOKMARK [2][-]{subsection.7.5}{Continue statement}{section.7}
\BOOKMARK [2][-]{subsection.7.6}{Return statement}{section.7}
\BOOKMARK [2][-]{subsection.7.7}{Read/Write statements}{section.7}
\BOOKMARK [1][-]{section.8}{System Calls}{}
\BOOKMARK [2][-]{subsection.8.1}{Create}{section.8}
\BOOKMARK [2][-]{subsection.8.2}{Open}{section.8}
\BOOKMARK [2][-]{subsection.8.3}{Read}{section.8}
\BOOKMARK [2][-]{subsection.8.4}{Write}{section.8}
\BOOKMARK [2][-]{subsection.8.5}{Seek}{section.8}
\BOOKMARK [2][-]{subsection.8.6}{Close}{section.8}
\BOOKMARK [2][-]{subsection.8.7}{Delete}{section.8}
\BOOKMARK [2][-]{subsection.8.8}{Fork}{section.8}
\BOOKMARK [2][-]{subsection.8.9}{Exec}{section.8}
\BOOKMARK [2][-]{subsection.8.10}{Exit}{section.8}
\BOOKMARK [2][-]{subsection.8.11}{Halt}{section.8}
